CXX compiler IPO check failed with the following output:
Change Dir: /Users/vaibhavugale/Desktop/DMRV/data-entry-standalone/android/app/.cxx/Debug/6e5qm2t1/x86/CMakeFiles/_CMakeLTOTest-CXX/bin

Run Build Command(s):/Users/vaibhavugale/Library/Android/sdk/cmake/3.22.1/bin/ninja && [1/4] Building CXX object CMakeFiles/foo.dir/foo.cpp.o
[2/4] Building CXX object CMakeFiles/boo.dir/main.cpp.o
[3/4] Linking CXX static library libfoo.a
[4/4] Linking CXX executable boo
FAILED: boo 
: && /Users/vaibhavugale/Library/Android/sdk/ndk/27.1.12297006/toolchains/llvm/prebuilt/darwin-x86_64/bin/clang++ --target=armv7-none-linux-androideabi21 --sysroot=/Users/vaibhavugale/Library/Android/sdk/ndk/27.1.12297006/toolchains/llvm/prebuilt/darwin-x86_64/sysroot -g -DANDROID -fdata-sections -ffunction-sections -funwind-tables -fstack-protector-strong -no-canonical-prefixes -D_FORTIFY_SOURCE=2 -march=armv7-a -mthumb -Wformat -Werror=format-security   -flto=thin -static-libstdc++ -Wl,--build-id=sha1 -Wl,--no-rosegment -Wl,--no-undefined-version -Wl,--fatal-warnings -Wl,--no-undefined -Qunused-arguments     -fuse-ld=gold CMakeFiles/boo.dir/main.cpp.o -o boo  libfoo.a  -latomic -lm && :
clang++: error: invalid linker name in argument '-fuse-ld=gold'
clang++: error: invalid linker name in argument '-fuse-ld=gold'
ninja: build stopped: subcommand failed.


CXX compiler IPO check failed with the following output:
Change Dir: /Users/vaibhavugale/Desktop/DMRV/data-entry-standalone/android/app/.cxx/Debug/6e5qm2t1/x86/CMakeFiles/_CMakeLTOTest-CXX/bin

Run Build Command(s):/Users/vaibhavugale/Library/Android/sdk/cmake/3.22.1/bin/ninja && [1/4] Building CXX object CMakeFiles/boo.dir/main.cpp.o
[2/4] Building CXX object CMakeFiles/foo.dir/foo.cpp.o
[3/4] Linking CXX static library libfoo.a
[4/4] Linking CXX executable boo
FAILED: boo 
: && /Users/vaibhavugale/Library/Android/sdk/ndk/27.1.12297006/toolchains/llvm/prebuilt/darwin-x86_64/bin/clang++ --target=armv7-none-linux-androideabi21 --sysroot=/Users/vaibhavugale/Library/Android/sdk/ndk/27.1.12297006/toolchains/llvm/prebuilt/darwin-x86_64/sysroot -g -DANDROID -fdata-sections -ffunction-sections -funwind-tables -fstack-protector-strong -no-canonical-prefixes -D_FORTIFY_SOURCE=2 -march=armv7-a -mthumb -Wformat -Werror=format-security   -flto=thin -static-libstdc++ -Wl,--build-id=sha1 -Wl,--no-rosegment -Wl,--no-undefined-version -Wl,--fatal-warnings -Wl,--no-undefined -Qunused-arguments     -fuse-ld=gold CMakeFiles/boo.dir/main.cpp.o -o boo  libfoo.a  -latomic -lm && :
clang++: error: invalid linker name in argument '-fuse-ld=gold'
clang++: error: invalid linker name in argument '-fuse-ld=gold'
ninja: build stopped: subcommand failed.


CXX compiler IPO check failed with the following output:
Change Dir: /Users/vaibhavugale/Desktop/DMRV/data-entry-standalone/android/app/.cxx/Debug/6e5qm2t1/x86/CMakeFiles/_CMakeLTOTest-CXX/bin

Run Build Command(s):/Users/vaibhavugale/Library/Android/sdk/cmake/3.22.1/bin/ninja && [1/4] Building CXX object CMakeFiles/foo.dir/foo.cpp.o
[2/4] Building CXX object CMakeFiles/boo.dir/main.cpp.o
[3/4] Linking CXX static library libfoo.a
[4/4] Linking CXX executable boo
FAILED: boo 
: && /Users/vaibhavugale/Library/Android/sdk/ndk/27.1.12297006/toolchains/llvm/prebuilt/darwin-x86_64/bin/clang++ --target=armv7-none-linux-androideabi21 --sysroot=/Users/vaibhavugale/Library/Android/sdk/ndk/27.1.12297006/toolchains/llvm/prebuilt/darwin-x86_64/sysroot -g -DANDROID -fdata-sections -ffunction-sections -funwind-tables -fstack-protector-strong -no-canonical-prefixes -D_FORTIFY_SOURCE=2 -march=armv7-a -mthumb -Wformat -Werror=format-security   -flto=thin -static-libstdc++ -Wl,--build-id=sha1 -Wl,--no-rosegment -Wl,--no-undefined-version -Wl,--fatal-warnings -Wl,--no-undefined -Qunused-arguments     -fuse-ld=gold CMakeFiles/boo.dir/main.cpp.o -o boo  libfoo.a  -latomic -lm && :
clang++: error: invalid linker name in argument '-fuse-ld=gold'
clang++: error: invalid linker name in argument '-fuse-ld=gold'
ninja: build stopped: subcommand failed.


CXX compiler IPO check failed with the following output:
Change Dir: /Users/vaibhavugale/Desktop/DMRV/data-entry-standalone/android/app/.cxx/Debug/6e5qm2t1/x86/CMakeFiles/_CMakeLTOTest-CXX/bin

Run Build Command(s):/Users/vaibhavugale/Library/Android/sdk/cmake/3.22.1/bin/ninja && [1/4] Building CXX object CMakeFiles/foo.dir/foo.cpp.o
[2/4] Building CXX object CMakeFiles/boo.dir/main.cpp.o
[3/4] Linking CXX static library libfoo.a
[4/4] Linking CXX executable boo
FAILED: boo 
: && /Users/vaibhavugale/Library/Android/sdk/ndk/27.1.12297006/toolchains/llvm/prebuilt/darwin-x86_64/bin/clang++ --target=armv7-none-linux-androideabi21 --sysroot=/Users/vaibhavugale/Library/Android/sdk/ndk/27.1.12297006/toolchains/llvm/prebuilt/darwin-x86_64/sysroot -g -DANDROID -fdata-sections -ffunction-sections -funwind-tables -fstack-protector-strong -no-canonical-prefixes -D_FORTIFY_SOURCE=2 -march=armv7-a -mthumb -Wformat -Werror=format-security   -flto=thin -static-libstdc++ -Wl,--build-id=sha1 -Wl,--no-rosegment -Wl,--no-undefined-version -Wl,--fatal-warnings -Wl,--no-undefined -Qunused-arguments     -fuse-ld=gold CMakeFiles/boo.dir/main.cpp.o -o boo  libfoo.a  -latomic -lm && :
clang++: error: invalid linker name in argument '-fuse-ld=gold'
clang++: error: invalid linker name in argument '-fuse-ld=gold'
ninja: build stopped: subcommand failed.


CXX compiler IPO check failed with the following output:
Change Dir: /Users/vaibhavugale/Desktop/DMRV/data-entry-standalone/android/app/.cxx/Debug/6e5qm2t1/x86/CMakeFiles/_CMakeLTOTest-CXX/bin

Run Build Command(s):/Users/vaibhavugale/Library/Android/sdk/cmake/3.22.1/bin/ninja && [1/4] Building CXX object CMakeFiles/boo.dir/main.cpp.o
[2/4] Building CXX object CMakeFiles/foo.dir/foo.cpp.o
[3/4] Linking CXX static library libfoo.a
[4/4] Linking CXX executable boo
FAILED: boo 
: && /Users/vaibhavugale/Library/Android/sdk/ndk/27.1.12297006/toolchains/llvm/prebuilt/darwin-x86_64/bin/clang++ --target=armv7-none-linux-androideabi21 --sysroot=/Users/vaibhavugale/Library/Android/sdk/ndk/27.1.12297006/toolchains/llvm/prebuilt/darwin-x86_64/sysroot -g -DANDROID -fdata-sections -ffunction-sections -funwind-tables -fstack-protector-strong -no-canonical-prefixes -D_FORTIFY_SOURCE=2 -march=armv7-a -mthumb -Wformat -Werror=format-security   -flto=thin -static-libstdc++ -Wl,--build-id=sha1 -Wl,--no-rosegment -Wl,--no-undefined-version -Wl,--fatal-warnings -Wl,--no-undefined -Qunused-arguments     -fuse-ld=gold CMakeFiles/boo.dir/main.cpp.o -o boo  libfoo.a  -latomic -lm && :
clang++: error: invalid linker name in argument '-fuse-ld=gold'
clang++: error: invalid linker name in argument '-fuse-ld=gold'
ninja: build stopped: subcommand failed.


CXX compiler IPO check failed with the following output:
Change Dir: /Users/vaibhavugale/Desktop/DMRV/data-entry-standalone/android/app/.cxx/Debug/6e5qm2t1/x86/CMakeFiles/_CMakeLTOTest-CXX/bin

Run Build Command(s):/Users/vaibhavugale/Library/Android/sdk/cmake/3.22.1/bin/ninja && [1/4] Building CXX object CMakeFiles/foo.dir/foo.cpp.o
FAILED: CMakeFiles/foo.dir/foo.cpp.o 
/Users/vaibhavugale/Library/Android/sdk/ndk/27.1.12297006/toolchains/llvm/prebuilt/darwin-x86_64/bin/clang++ --target=armv7-none-linux-androideabi21 --sysroot=/Users/vaibhavugale/Library/Android/sdk/ndk/27.1.12297006/toolchains/llvm/prebuilt/darwin-x86_64/sysroot   -g -DANDROID -fdata-sections -ffunction-sections -funwind-tables -fstack-protector-strong -no-canonical-prefixes -D_FORTIFY_SOURCE=2 -march=armv7-a -mthumb -Wformat -Werror=format-security   -flto=thin -fPIC -MD -MT CMakeFiles/foo.dir/foo.cpp.o -MF CMakeFiles/foo.dir/foo.cpp.o.d -o CMakeFiles/foo.dir/foo.cpp.o -c /Users/vaibhavugale/Desktop/DMRV/data-entry-standalone/android/app/.cxx/Debug/6e5qm2t1/x86/CMakeFiles/_CMakeLTOTest-CXX/src/foo.cpp
error: error opening 'CMakeFiles/foo.dir/foo.cpp.o.d': No such file or directory
1 error generated.
[2/4] Building CXX object CMakeFiles/boo.dir/main.cpp.o
FAILED: CMakeFiles/boo.dir/main.cpp.o 
/Users/vaibhavugale/Library/Android/sdk/ndk/27.1.12297006/toolchains/llvm/prebuilt/darwin-x86_64/bin/clang++ --target=armv7-none-linux-androideabi21 --sysroot=/Users/vaibhavugale/Library/Android/sdk/ndk/27.1.12297006/toolchains/llvm/prebuilt/darwin-x86_64/sysroot   -g -DANDROID -fdata-sections -ffunction-sections -funwind-tables -fstack-protector-strong -no-canonical-prefixes -D_FORTIFY_SOURCE=2 -march=armv7-a -mthumb -Wformat -Werror=format-security   -flto=thin -fPIE -MD -MT CMakeFiles/boo.dir/main.cpp.o -MF CMakeFiles/boo.dir/main.cpp.o.d -o CMakeFiles/boo.dir/main.cpp.o -c /Users/vaibhavugale/Desktop/DMRV/data-entry-standalone/android/app/.cxx/Debug/6e5qm2t1/x86/CMakeFiles/_CMakeLTOTest-CXX/src/main.cpp
error: error opening 'CMakeFiles/boo.dir/main.cpp.o.d': No such file or directory
1 error generated.
ninja: build stopped: subcommand failed.


CXX compiler IPO check failed with the following output:
Change Dir: /Users/vaibhavugale/Desktop/DMRV/data-entry-standalone/android/app/.cxx/Debug/6e5qm2t1/x86/CMakeFiles/_CMakeLTOTest-CXX/bin

Run Build Command(s):/Users/vaibhavugale/Library/Android/sdk/cmake/3.22.1/bin/ninja && [1/4] Building CXX object CMakeFiles/boo.dir/main.cpp.o
[2/4] Building CXX object CMakeFiles/foo.dir/foo.cpp.o
[3/4] Linking CXX static library libfoo.a
[4/4] Linking CXX executable boo
FAILED: boo 
: && /Users/vaibhavugale/Library/Android/sdk/ndk/27.1.12297006/toolchains/llvm/prebuilt/darwin-x86_64/bin/clang++ --target=armv7-none-linux-androideabi21 --sysroot=/Users/vaibhavugale/Library/Android/sdk/ndk/27.1.12297006/toolchains/llvm/prebuilt/darwin-x86_64/sysroot -g -DANDROID -fdata-sections -ffunction-sections -funwind-tables -fstack-protector-strong -no-canonical-prefixes -D_FORTIFY_SOURCE=2 -march=armv7-a -mthumb -Wformat -Werror=format-security   -flto=thin -static-libstdc++ -Wl,--build-id=sha1 -Wl,--no-rosegment -Wl,--no-undefined-version -Wl,--fatal-warnings -Wl,--no-undefined -Qunused-arguments     -fuse-ld=gold CMakeFiles/boo.dir/main.cpp.o -o boo  libfoo.a  -latomic -lm && :
clang++: error: invalid linker name in argument '-fuse-ld=gold'
clang++: error: invalid linker name in argument '-fuse-ld=gold'
ninja: build stopped: subcommand failed.


CXX compiler IPO check failed with the following output:
Change Dir: /Users/vaibhavugale/Desktop/DMRV/data-entry-standalone/android/app/.cxx/Debug/6e5qm2t1/x86/CMakeFiles/_CMakeLTOTest-CXX/bin

Run Build Command(s):/Users/vaibhavugale/Library/Android/sdk/cmake/3.22.1/bin/ninja && [1/4] Building CXX object CMakeFiles/boo.dir/main.cpp.o
[2/4] Building CXX object CMakeFiles/foo.dir/foo.cpp.o
[3/4] Linking CXX static library libfoo.a
[4/4] Linking CXX executable boo
FAILED: boo 
: && /Users/vaibhavugale/Library/Android/sdk/ndk/27.1.12297006/toolchains/llvm/prebuilt/darwin-x86_64/bin/clang++ --target=armv7-none-linux-androideabi21 --sysroot=/Users/vaibhavugale/Library/Android/sdk/ndk/27.1.12297006/toolchains/llvm/prebuilt/darwin-x86_64/sysroot -g -DANDROID -fdata-sections -ffunction-sections -funwind-tables -fstack-protector-strong -no-canonical-prefixes -D_FORTIFY_SOURCE=2 -march=armv7-a -mthumb -Wformat -Werror=format-security   -flto=thin -static-libstdc++ -Wl,--build-id=sha1 -Wl,--no-rosegment -Wl,--no-undefined-version -Wl,--fatal-warnings -Wl,--no-undefined -Qunused-arguments     -fuse-ld=gold CMakeFiles/boo.dir/main.cpp.o -o boo  libfoo.a  -latomic -lm && :
clang++: error: invalid linker name in argument '-fuse-ld=gold'
clang++: error: invalid linker name in argument '-fuse-ld=gold'
ninja: build stopped: subcommand failed.


CXX compiler IPO check failed with the following output:
Change Dir: /Users/vaibhavugale/Desktop/DMRV/data-entry-standalone/android/app/.cxx/Debug/6e5qm2t1/x86/CMakeFiles/_CMakeLTOTest-CXX/bin

Run Build Command(s):/Users/vaibhavugale/Library/Android/sdk/cmake/3.22.1/bin/ninja && [1/4] Building CXX object CMakeFiles/foo.dir/foo.cpp.o
[2/4] Building CXX object CMakeFiles/boo.dir/main.cpp.o
[3/4] Linking CXX static library libfoo.a
[4/4] Linking CXX executable boo
FAILED: boo 
: && /Users/vaibhavugale/Library/Android/sdk/ndk/27.1.12297006/toolchains/llvm/prebuilt/darwin-x86_64/bin/clang++ --target=armv7-none-linux-androideabi21 --sysroot=/Users/vaibhavugale/Library/Android/sdk/ndk/27.1.12297006/toolchains/llvm/prebuilt/darwin-x86_64/sysroot -g -DANDROID -fdata-sections -ffunction-sections -funwind-tables -fstack-protector-strong -no-canonical-prefixes -D_FORTIFY_SOURCE=2 -march=armv7-a -mthumb -Wformat -Werror=format-security   -flto=thin -static-libstdc++ -Wl,--build-id=sha1 -Wl,--no-rosegment -Wl,--no-undefined-version -Wl,--fatal-warnings -Wl,--no-undefined -Qunused-arguments     -fuse-ld=gold CMakeFiles/boo.dir/main.cpp.o -o boo  libfoo.a  -latomic -lm && :
clang++: error: invalid linker name in argument '-fuse-ld=gold'
clang++: error: invalid linker name in argument '-fuse-ld=gold'
ninja: build stopped: subcommand failed.


